2018-01-18 15:23 +08:00: cp: option not recognized:  
2018-01-18 15:23 +08:00: cp: option not recognized:  
2018-01-18 15:23 +08:00: cp: option not recognized:  
2018-01-18 15:23 +08:00: cp: option not recognized:  
2018-01-18 15:23 +08:00: cp: option not recognized:  
2018-01-18 15:23 +08:00: cp: option not recognized:  
2018-01-18 15:23 +08:00: cp: option not recognized:  
2018-01-18 15:23 +08:00: cp: option not recognized:  
2018-01-18 15:23 +08:00: cp: option not recognized:  
2018-01-18 15:23 +08:00: cp: option not recognized:  
2018-01-18 15:23 +08:00: cp: option not recognized:  
2018-01-18 15:23 +08:00: cp: option not recognized:  
2018-01-18 15:23 +08:00: cp: option not recognized:  
2018-01-18 15:23 +08:00: cp: option not recognized:  
2018-01-18 15:23 +08:00: cp: option not recognized:  
2018-01-18 15:23 +08:00: cp: option not recognized:  
2018-01-18 15:23 +08:00: cp: option not recognized:  
2018-01-18 15:23 +08:00: cp: option not recognized:  
2018-01-18 15:23 +08:00: cp: option not recognized:  
2018-01-18 15:23 +08:00: cp: option not recognized:  
2018-01-18 15:23 +08:00: cp: option not recognized:  
2018-01-18 15:23 +08:00: cp: option not recognized:  
2018-01-18 15:23 +08:00: cp: option not recognized:  
2018-01-18 15:23 +08:00: cp: option not recognized:  
2018-01-18 15:23 +08:00: cp: option not recognized:  
2018-01-18 15:23 +08:00: cp: option not recognized:  
2018-01-18 15:23 +08:00: cp: option not recognized:  
2018-01-18 15:23 +08:00: cp: option not recognized:  
2018-01-18 15:23 +08:00: cp: option not recognized:  
2018-01-18 15:23 +08:00: cp: option not recognized:  
2018-01-18 15:23 +08:00: cp: option not recognized:  
2018-01-18 15:23 +08:00: cp: option not recognized:  
2018-01-18 15:24 +08:00: cp: omitting directory '/iProject/github/uf-design/uf-design-rn/components/button'
2018-01-18 15:24 +08:00: cp: omitting directory '/iProject/github/uf-design/uf-design-rn/components/checkbox'
2018-01-18 15:24 +08:00: cp: omitting directory '/iProject/github/uf-design/uf-design-rn/components/input-number'
2018-01-18 15:24 +08:00: cp: omitting directory '/iProject/github/uf-design/uf-design-rn/components/button'
cp: omitting directory '/iProject/github/uf-design/uf-design-rn/components/checkbox'
2018-01-18 15:24 +08:00: cp: omitting directory '/iProject/github/uf-design/uf-design-rn/components/input-number'
2018-01-18 15:24 +08:00: cp: omitting directory '/iProject/github/uf-design/uf-design-rn/components/button'
2018-01-18 15:24 +08:00: cp: omitting directory '/iProject/github/uf-design/uf-design-rn/components/checkbox'
2018-01-18 15:24 +08:00: cp: omitting directory '/iProject/github/uf-design/uf-design-rn/components/input-number'
2018-01-18 15:24 +08:00: cp: omitting directory '/iProject/github/uf-design/uf-design-rn/components/button'
2018-01-18 15:24 +08:00: cp: omitting directory '/iProject/github/uf-design/uf-design-rn/components/checkbox'
2018-01-18 15:24 +08:00: cp: omitting directory '/iProject/github/uf-design/uf-design-rn/components/input-number'
2018-01-18 15:24 +08:00: cp: omitting directory '/iProject/github/uf-design/uf-design-rn/components/button'
2018-01-18 15:24 +08:00: cp: omitting directory '/iProject/github/uf-design/uf-design-rn/components/checkbox'
2018-01-18 15:24 +08:00: cp: omitting directory '/iProject/github/uf-design/uf-design-rn/components/input-number'
2018-01-18 15:24 +08:00: cp: omitting directory '/iProject/github/uf-design/uf-design-rn/components/button'
2018-01-18 15:24 +08:00: cp: omitting directory '/iProject/github/uf-design/uf-design-rn/components/checkbox'
2018-01-18 15:24 +08:00: cp: omitting directory '/iProject/github/uf-design/uf-design-rn/components/input-number'
2018-01-18 15:24 +08:00: cp: omitting directory '/iProject/github/uf-design/uf-design-rn/components/button'
2018-01-18 15:24 +08:00: cp: omitting directory '/iProject/github/uf-design/uf-design-rn/components/checkbox'
2018-01-18 15:24 +08:00: cp: omitting directory '/iProject/github/uf-design/uf-design-rn/components/input-number'
2018-01-18 15:24 +08:00: cp: omitting directory '/iProject/github/uf-design/uf-design-rn/components/button'
2018-01-18 15:24 +08:00: cp: omitting directory '/iProject/github/uf-design/uf-design-rn/components/checkbox'
2018-01-18 15:24 +08:00: cp: omitting directory '/iProject/github/uf-design/uf-design-rn/components/input-number'
2018-01-18 15:24 +08:00: cp: omitting directory '/iProject/github/uf-design/uf-design-rn/components/button'
2018-01-18 15:24 +08:00: cp: omitting directory '/iProject/github/uf-design/uf-design-rn/components/checkbox'
2018-01-18 15:24 +08:00: cp: omitting directory '/iProject/github/uf-design/uf-design-rn/components/input-number'
2018-01-18 15:24 +08:00: cp: omitting directory '/iProject/github/uf-design/uf-design-rn/components/button'
2018-01-18 15:24 +08:00: cp: omitting directory '/iProject/github/uf-design/uf-design-rn/components/checkbox'
2018-01-18 15:24 +08:00: cp: omitting directory '/iProject/github/uf-design/uf-design-rn/components/input-number'
2018-01-18 15:24 +08:00: cp: omitting directory '/iProject/github/uf-design/uf-design-rn/components/button'
2018-01-18 15:24 +08:00: cp: omitting directory '/iProject/github/uf-design/uf-design-rn/components/checkbox'
2018-01-18 15:24 +08:00: cp: omitting directory '/iProject/github/uf-design/uf-design-rn/components/input-number'
2018-01-18 15:24 +08:00: cp: omitting directory '/iProject/github/uf-design/uf-design-rn/components/button'
2018-01-18 15:24 +08:00: cp: omitting directory '/iProject/github/uf-design/uf-design-rn/components/checkbox'
2018-01-18 15:24 +08:00: cp: omitting directory '/iProject/github/uf-design/uf-design-rn/components/input-number'
2018-01-18 15:24 +08:00: cp: omitting directory '/iProject/github/uf-design/uf-design-rn/components/button'
2018-01-18 15:24 +08:00: cp: omitting directory '/iProject/github/uf-design/uf-design-rn/components/checkbox'
2018-01-18 15:24 +08:00: cp: omitting directory '/iProject/github/uf-design/uf-design-rn/components/input-number'
2018-01-18 15:24 +08:00: cp: omitting directory '/iProject/github/uf-design/uf-design-rn/components/button'
2018-01-18 15:24 +08:00: cp: omitting directory '/iProject/github/uf-design/uf-design-rn/components/checkbox'
2018-01-18 15:24 +08:00: cp: omitting directory '/iProject/github/uf-design/uf-design-rn/components/input-number'
2018-01-18 15:24 +08:00: cp: omitting directory '/iProject/github/uf-design/uf-design-rn/components/button'
2018-01-18 15:24 +08:00: cp: omitting directory '/iProject/github/uf-design/uf-design-rn/components/checkbox'
2018-01-18 15:24 +08:00: cp: omitting directory '/iProject/github/uf-design/uf-design-rn/components/input-number'
2018-01-18 15:24 +08:00: cp: omitting directory '/iProject/github/uf-design/uf-design-rn/components/button'
2018-01-18 15:24 +08:00: cp: omitting directory '/iProject/github/uf-design/uf-design-rn/components/checkbox'
2018-01-18 15:24 +08:00: cp: omitting directory '/iProject/github/uf-design/uf-design-rn/components/input-number'
2018-01-18 15:26 +08:00: cp: omitting directory '/iProject/github/uf-design/uf-design-rn/components/button'
2018-01-18 15:26 +08:00: cp: omitting directory '/iProject/github/uf-design/uf-design-rn/components/checkbox'
2018-01-18 15:26 +08:00: cp: omitting directory '/iProject/github/uf-design/uf-design-rn/components/input-number'
2018-01-18 15:26 +08:00: cp: omitting directory '/iProject/github/uf-design/uf-design-rn/components/button'
2018-01-18 15:26 +08:00: cp: omitting directory '/iProject/github/uf-design/uf-design-rn/components/checkbox'
2018-01-18 15:26 +08:00: cp: omitting directory '/iProject/github/uf-design/uf-design-rn/components/input-number'
2018-01-18 15:26 +08:00: cp: omitting directory '/iProject/github/uf-design/uf-design-rn/components/button'
2018-01-18 15:26 +08:00: cp: omitting directory '/iProject/github/uf-design/uf-design-rn/components/checkbox'
2018-01-18 15:26 +08:00: cp: omitting directory '/iProject/github/uf-design/uf-design-rn/components/input-number'
2018-01-18 15:26 +08:00: cp: omitting directory '/iProject/github/uf-design/uf-design-rn/components/button'
2018-01-18 15:26 +08:00: cp: omitting directory '/iProject/github/uf-design/uf-design-rn/components/checkbox'
2018-01-18 15:26 +08:00: cp: omitting directory '/iProject/github/uf-design/uf-design-rn/components/input-number'
2018-01-18 15:26 +08:00: cp: omitting directory '/iProject/github/uf-design/uf-design-rn/components/button'
2018-01-18 15:26 +08:00: cp: omitting directory '/iProject/github/uf-design/uf-design-rn/components/checkbox'
2018-01-18 15:26 +08:00: cp: omitting directory '/iProject/github/uf-design/uf-design-rn/components/input-number'
2018-01-18 15:26 +08:00: cp: omitting directory '/iProject/github/uf-design/uf-design-rn/components/button'
2018-01-18 15:26 +08:00: cp: omitting directory '/iProject/github/uf-design/uf-design-rn/components/checkbox'
2018-01-18 15:26 +08:00: cp: omitting directory '/iProject/github/uf-design/uf-design-rn/components/input-number'
2018-01-18 15:26 +08:00: cp: omitting directory '/iProject/github/uf-design/uf-design-rn/components/button'
2018-01-18 15:26 +08:00: cp: omitting directory '/iProject/github/uf-design/uf-design-rn/components/checkbox'
2018-01-18 15:26 +08:00: cp: omitting directory '/iProject/github/uf-design/uf-design-rn/components/input-number'
2018-01-18 15:26 +08:00: cp: omitting directory '/iProject/github/uf-design/uf-design-rn/components/button'
2018-01-18 15:26 +08:00: cp: omitting directory '/iProject/github/uf-design/uf-design-rn/components/checkbox'
2018-01-18 15:26 +08:00: cp: omitting directory '/iProject/github/uf-design/uf-design-rn/components/input-number'
2018-01-18 15:26 +08:00: cp: omitting directory '/iProject/github/uf-design/uf-design-rn/components/button'
2018-01-18 15:26 +08:00: cp: omitting directory '/iProject/github/uf-design/uf-design-rn/components/checkbox'
2018-01-18 15:26 +08:00: cp: omitting directory '/iProject/github/uf-design/uf-design-rn/components/input-number'
2018-01-18 15:26 +08:00: cp: omitting directory '/iProject/github/uf-design/uf-design-rn/components/button'
2018-01-18 15:26 +08:00: cp: omitting directory '/iProject/github/uf-design/uf-design-rn/components/checkbox'
2018-01-18 15:26 +08:00: cp: omitting directory '/iProject/github/uf-design/uf-design-rn/components/input-number'
2018-01-18 15:26 +08:00: cp: omitting directory '/iProject/github/uf-design/uf-design-rn/components/button'
2018-01-18 15:26 +08:00: cp: omitting directory '/iProject/github/uf-design/uf-design-rn/components/checkbox'
2018-01-18 15:26 +08:00: cp: omitting directory '/iProject/github/uf-design/uf-design-rn/components/input-number'
2018-01-18 15:26 +08:00: cp: omitting directory '/iProject/github/uf-design/uf-design-rn/components/button'
2018-01-18 15:26 +08:00: cp: omitting directory '/iProject/github/uf-design/uf-design-rn/components/checkbox'
2018-01-18 15:26 +08:00: cp: omitting directory '/iProject/github/uf-design/uf-design-rn/components/input-number'
2018-01-18 15:26 +08:00: cp: omitting directory '/iProject/github/uf-design/uf-design-rn/components/button'
2018-01-18 15:26 +08:00: cp: omitting directory '/iProject/github/uf-design/uf-design-rn/components/checkbox'
2018-01-18 15:26 +08:00: cp: omitting directory '/iProject/github/uf-design/uf-design-rn/components/input-number'
2018-01-18 15:26 +08:00: cp: omitting directory '/iProject/github/uf-design/uf-design-rn/components/button'
2018-01-18 15:26 +08:00: cp: omitting directory '/iProject/github/uf-design/uf-design-rn/components/checkbox'
2018-01-18 15:26 +08:00: cp: omitting directory '/iProject/github/uf-design/uf-design-rn/components/input-number'
2018-01-18 15:26 +08:00: cp: omitting directory '/iProject/github/uf-design/uf-design-rn/components/button'
2018-01-18 15:26 +08:00: cp: omitting directory '/iProject/github/uf-design/uf-design-rn/components/checkbox'
2018-01-18 15:26 +08:00: cp: omitting directory '/iProject/github/uf-design/uf-design-rn/components/input-number'
2018-01-18 15:26 +08:00: cp: omitting directory '/iProject/github/uf-design/uf-design-rn/components/button'
2018-01-18 15:26 +08:00: cp: omitting directory '/iProject/github/uf-design/uf-design-rn/components/checkbox'
2018-01-18 15:26 +08:00: cp: omitting directory '/iProject/github/uf-design/uf-design-rn/components/input-number'
2018-01-18 15:27 +08:00: skipping existing file: index.js
2018-01-18 15:27 +08:00: skipping existing file: index.js
2018-01-18 15:27 +08:00: skipping existing file: index.js
2018-01-18 15:27 +08:00: skipping existing file: index.js
2018-01-18 15:27 +08:00: skipping existing file: index.js
2018-01-18 15:27 +08:00: skipping existing file: index.js
2018-01-18 15:27 +08:00: skipping existing file: index.js
2018-01-18 15:27 +08:00: skipping existing file: index.js
2018-01-18 15:27 +08:00: skipping existing file: index.js
2018-01-18 15:27 +08:00: skipping existing file: index.js
2018-01-18 15:27 +08:00: skipping existing file: index.js
2018-01-18 15:27 +08:00: skipping existing file: index.js
2018-01-18 15:27 +08:00: skipping existing file: index.js
2018-01-18 15:27 +08:00: skipping existing file: index.js
2018-01-18 15:27 +08:00: skipping existing file: index.js
2018-01-18 15:27 +08:00: skipping existing file: index.js
2018-01-18 15:27 +08:00: skipping existing file: index.js
2018-01-18 15:27 +08:00: skipping existing file: index.js
2018-01-18 15:27 +08:00: skipping existing file: index.js
2018-01-18 15:27 +08:00: skipping existing file: index.js
2018-01-18 15:27 +08:00: skipping existing file: index.js
2018-01-18 15:27 +08:00: skipping existing file: index.js
2018-01-18 15:27 +08:00: skipping existing file: index.js
2018-01-18 15:27 +08:00: skipping existing file: index.js
2018-01-18 15:27 +08:00: skipping existing file: index.js
2018-01-18 15:27 +08:00: skipping existing file: index.js
2018-01-18 15:27 +08:00: skipping existing file: index.js
2018-01-18 15:27 +08:00: skipping existing file: index.js
2018-01-18 15:27 +08:00: skipping existing file: index.js
2018-01-18 15:27 +08:00: skipping existing file: index.js
2018-01-18 15:27 +08:00: skipping existing file: index.js
2018-01-18 15:27 +08:00: skipping existing file: index.js
2018-01-18 15:27 +08:00: skipping existing file: index.js
2018-01-18 15:27 +08:00: skipping existing file: index.js
2018-01-18 15:27 +08:00: skipping existing file: index.js
2018-01-18 15:27 +08:00: skipping existing file: index.js
2018-01-18 15:27 +08:00: skipping existing file: index.js
2018-01-18 15:27 +08:00: skipping existing file: index.js
2018-01-18 15:27 +08:00: skipping existing file: index.js
2018-01-18 15:27 +08:00: skipping existing file: index.js
2018-01-18 15:27 +08:00: skipping existing file: index.js
2018-01-18 15:27 +08:00: skipping existing file: index.js
2018-01-18 15:27 +08:00: skipping existing file: index.js
2018-01-18 15:27 +08:00: skipping existing file: index.js
2018-01-18 15:27 +08:00: skipping existing file: index.js
2018-01-18 15:28 +08:00: skipping existing file: index.js
2018-01-18 15:28 +08:00: skipping existing file: index.js
2018-01-18 15:28 +08:00: skipping existing file: index.js
2018-01-18 15:28 +08:00: skipping existing file: index.js
2018-01-18 15:28 +08:00: skipping existing file: index.js
2018-01-18 15:28 +08:00: skipping existing file: index.js
2018-01-18 15:28 +08:00: skipping existing file: index.js
2018-01-18 15:28 +08:00: skipping existing file: index.js
skipping existing file: index.js
2018-01-18 15:28 +08:00: skipping existing file: index.js
2018-01-18 15:28 +08:00: skipping existing file: index.js
2018-01-18 15:28 +08:00: skipping existing file: index.js
2018-01-18 15:28 +08:00: skipping existing file: index.js
2018-01-18 15:28 +08:00: skipping existing file: index.js
2018-01-18 15:28 +08:00: skipping existing file: index.js
2018-01-18 15:28 +08:00: skipping existing file: index.js
2018-01-18 15:28 +08:00: skipping existing file: index.js
2018-01-18 15:28 +08:00: skipping existing file: index.js
2018-01-18 15:28 +08:00: skipping existing file: index.js
2018-01-18 15:28 +08:00: skipping existing file: index.js
2018-01-18 15:28 +08:00: skipping existing file: index.js
2018-01-18 15:28 +08:00: skipping existing file: index.js
2018-01-18 15:28 +08:00: skipping existing file: index.js
2018-01-18 15:28 +08:00: skipping existing file: index.js
2018-01-18 15:28 +08:00: skipping existing file: index.js
2018-01-18 15:28 +08:00: skipping existing file: index.js
2018-01-18 15:28 +08:00: skipping existing file: index.js
2018-01-18 15:28 +08:00: skipping existing file: index.js
2018-01-18 15:28 +08:00: skipping existing file: index.js
2018-01-18 15:28 +08:00: skipping existing file: index.js
2018-01-18 15:28 +08:00: skipping existing file: index.js
2018-01-18 15:28 +08:00: skipping existing file: index.js
2018-01-18 15:28 +08:00: skipping existing file: index.js
2018-01-18 15:28 +08:00: skipping existing file: index.js
2018-01-18 15:28 +08:00: skipping existing file: index.js
2018-01-18 15:28 +08:00: skipping existing file: index.js
2018-01-18 15:28 +08:00: skipping existing file: index.js
2018-01-18 15:28 +08:00: skipping existing file: index.js
2018-01-18 15:28 +08:00: skipping existing file: index.js
2018-01-18 15:28 +08:00: skipping existing file: index.js
2018-01-18 15:28 +08:00: skipping existing file: index.js
2018-01-18 15:28 +08:00: skipping existing file: index.js
2018-01-18 15:28 +08:00: skipping existing file: index.js
2018-01-18 15:28 +08:00: skipping existing file: index.js
2018-01-18 15:28 +08:00: skipping existing file: index.js
2018-01-18 15:28 +08:00: skipping existing file: index.js
2018-01-18 15:28 +08:00: skipping existing file: index.js
2018-01-18 15:28 +08:00: skipping existing file: index.js
2018-01-18 15:28 +08:00: skipping existing file: index.js
2018-01-18 15:28 +08:00: skipping existing file: index.js
2018-01-18 15:28 +08:00: skipping existing file: index.js
2018-01-18 15:28 +08:00: skipping existing file: index.js
2018-01-18 15:28 +08:00: skipping existing file: index.js
2018-01-18 15:28 +08:00: skipping existing file: index.js
2018-01-18 15:28 +08:00: skipping existing file: index.js
2018-01-18 15:28 +08:00: skipping existing file: index.js
2018-01-18 15:28 +08:00: skipping existing file: index.js
2018-01-18 15:28 +08:00: skipping existing file: index.js
2018-01-18 15:28 +08:00: skipping existing file: index.js
2018-01-18 15:28 +08:00: skipping existing file: index.js
2018-01-18 15:28 +08:00: skipping existing file: index.js
2018-01-18 15:28 +08:00: skipping existing file: index.js
2018-01-18 15:28 +08:00: skipping existing file: index.js
2018-01-18 15:28 +08:00: skipping existing file: index.js
2018-01-18 15:28 +08:00: skipping existing file: index.js
2018-01-18 15:28 +08:00: skipping existing file: index.js
2018-01-18 15:28 +08:00: skipping existing file: index.js
2018-01-18 15:28 +08:00: skipping existing file: index.js
2018-01-18 15:28 +08:00: skipping existing file: index.js
2018-01-18 15:28 +08:00: skipping existing file: index.js
2018-01-18 15:28 +08:00: skipping existing file: index.js
2018-01-18 15:28 +08:00: skipping existing file: index.js
2018-01-18 15:28 +08:00: skipping existing file: index.js
2018-01-18 15:28 +08:00: skipping existing file: index.js
2018-01-18 15:28 +08:00: skipping existing file: index.js
2018-01-18 15:28 +08:00: skipping existing file: index.js
2018-01-18 15:28 +08:00: skipping existing file: index.js
2018-01-18 15:28 +08:00: skipping existing file: index.js
2018-01-18 15:28 +08:00: skipping existing file: index.js
2018-01-18 15:28 +08:00: skipping existing file: index.js
2018-01-18 15:28 +08:00: skipping existing file: index.js
2018-01-18 15:28 +08:00: skipping existing file: index.js
2018-01-18 15:28 +08:00: skipping existing file: index.js
2018-01-18 15:28 +08:00: skipping existing file: index.js
2018-01-18 15:28 +08:00: skipping existing file: index.js
2018-01-18 15:28 +08:00: skipping existing file: index.js
2018-01-18 15:28 +08:00: skipping existing file: index.js
2018-01-18 15:28 +08:00: skipping existing file: index.js
2018-01-18 15:28 +08:00: skipping existing file: index.js
2018-01-18 15:28 +08:00: skipping existing file: index.js
2018-01-18 15:28 +08:00: skipping existing file: index.js
2018-01-18 15:28 +08:00: skipping existing file: index.js
2018-01-18 15:28 +08:00: skipping existing file: index.js
2018-01-18 15:28 +08:00: skipping existing file: index.js
2018-01-18 15:28 +08:00: skipping existing file: index.js
2018-01-18 15:28 +08:00: skipping existing file: index.js
2018-01-18 15:28 +08:00: skipping existing file: index.js
2018-01-18 15:28 +08:00: skipping existing file: index.js
2018-01-18 15:28 +08:00: skipping existing file: index.js
2018-01-18 15:28 +08:00: skipping existing file: index.js
2018-01-18 15:28 +08:00: skipping existing file: index.js
2018-01-18 15:28 +08:00: skipping existing file: index.js
2018-01-18 15:28 +08:00: skipping existing file: index.js
2018-01-18 15:28 +08:00: skipping existing file: index.js
2018-01-18 15:28 +08:00: skipping existing file: index.js
2018-01-18 15:28 +08:00: skipping existing file: index.js
2018-01-18 15:28 +08:00: skipping existing file: index.js
2018-01-18 15:28 +08:00: skipping existing file: index.js
2018-01-18 15:28 +08:00: skipping existing file: index.js
2018-01-18 15:28 +08:00: skipping existing file: index.js
2018-01-18 15:28 +08:00: skipping existing file: index.js
2018-01-18 15:28 +08:00: skipping existing file: index.js
2018-01-18 15:28 +08:00: skipping existing file: index.js
2018-01-18 15:28 +08:00: skipping existing file: index.js
2018-01-18 15:28 +08:00: skipping existing file: index.js
2018-01-18 15:28 +08:00: skipping existing file: index.js
2018-01-18 15:28 +08:00: skipping existing file: index.js
2018-01-18 15:28 +08:00: skipping existing file: index.js
2018-01-18 15:28 +08:00: skipping existing file: index.js
2018-01-18 15:28 +08:00: skipping existing file: index.js
2018-01-18 15:28 +08:00: skipping existing file: index.js
2018-01-18 15:28 +08:00: skipping existing file: index.js
2018-01-18 15:28 +08:00: skipping existing file: index.js
2018-01-18 15:30 +08:00: cp: option not recognized: l
2018-01-18 15:30 +08:00: cp: option not recognized: l
2018-01-18 15:30 +08:00: cp: option not recognized: l
2018-01-18 15:30 +08:00: cp: option not recognized: l
2018-01-18 15:30 +08:00: cp: option not recognized: l
2018-01-18 15:30 +08:00: cp: option not recognized: l
2018-01-18 15:30 +08:00: cp: option not recognized: l
2018-01-18 15:30 +08:00: cp: option not recognized: l
2018-01-18 15:30 +08:00: cp: option not recognized: l
2018-01-18 15:30 +08:00: cp: option not recognized: l
2018-01-18 15:30 +08:00: cp: option not recognized: l
2018-01-18 15:30 +08:00: cp: option not recognized: l
2018-01-18 15:30 +08:00: cp: option not recognized: l
2018-01-18 15:30 +08:00: cp: option not recognized: l
2018-01-18 15:30 +08:00: cp: option not recognized: l
2018-01-18 15:30 +08:00: cp: option not recognized: l
2018-01-18 15:33 +08:00: cp: option not recognized: l
2018-01-18 15:33 +08:00: cp: option not recognized: l
2018-01-18 15:33 +08:00: cp: option not recognized: l
2018-01-18 15:33 +08:00: cp: option not recognized: l
2018-01-18 15:33 +08:00: cp: option not recognized: l
2018-01-18 15:33 +08:00: cp: option not recognized: l
2018-01-18 15:34 +08:00: cp: option not recognized: l
2018-01-18 15:34 +08:00: cp: option not recognized: l
2018-01-18 15:34 +08:00: cp: option not recognized: l
2018-01-18 15:34 +08:00: cp: option not recognized: l
2018-01-18 15:34 +08:00: cp: option not recognized: l
2018-01-18 15:34 +08:00: cp: option not recognized: l
2018-01-18 15:34 +08:00: cp: option not recognized: l
2018-01-18 15:34 +08:00: cp: option not recognized: l
2018-01-18 15:34 +08:00: cp: option not recognized: l
2018-01-18 15:34 +08:00: cp: option not recognized: l
2018-01-18 15:34 +08:00: cp: option not recognized: U
2018-01-18 15:34 +08:00: cp: option not recognized: U
2018-01-18 15:34 +08:00: cp: option not recognized: U
2018-01-18 15:34 +08:00: cp: option not recognized: U
2018-01-18 15:34 +08:00: cp: option not recognized: U
2018-01-18 15:34 +08:00: cp: option not recognized: U
2018-01-18 15:34 +08:00: cp: option not recognized: U
2018-01-18 15:34 +08:00: cp: option not recognized: U
2018-01-18 15:34 +08:00: cp: option not recognized: U
2018-01-18 15:34 +08:00: cp: option not recognized: U
2018-01-18 15:34 +08:00: cp: option not recognized: U
2018-01-18 15:34 +08:00: cp: option not recognized: U
2018-01-18 15:34 +08:00: cp: option not recognized: U
2018-01-18 15:34 +08:00: cp: option not recognized: U
2018-01-18 15:34 +08:00: cp: option not recognized: U
2018-01-18 15:34 +08:00: cp: option not recognized: U
2018-01-18 15:34 +08:00: cp: option not recognized: -
2018-01-18 15:34 +08:00: cp: option not recognized: -
2018-01-18 15:34 +08:00: cp: option not recognized: -
2018-01-18 15:34 +08:00: cp: option not recognized: -
2018-01-18 15:34 +08:00: cp: option not recognized: -
2018-01-18 15:34 +08:00: cp: option not recognized: -
2018-01-18 15:34 +08:00: cp: option not recognized: -
2018-01-18 15:34 +08:00: cp: option not recognized: -
2018-01-18 15:34 +08:00: cp: option not recognized: -
2018-01-18 15:34 +08:00: cp: option not recognized: -
2018-01-18 15:34 +08:00: cp: option not recognized: -
2018-01-18 15:34 +08:00: cp: option not recognized: -
2018-01-18 15:34 +08:00: cp: option not recognized: -
2018-01-18 15:34 +08:00: cp: option not recognized: -
2018-01-18 15:34 +08:00: cp: option not recognized: -
2018-01-18 15:34 +08:00: cp: option not recognized: -
2018-01-18 15:34 +08:00: cp: option not recognized:  
2018-01-18 15:34 +08:00: cp: option not recognized:  
2018-01-18 15:34 +08:00: cp: option not recognized:  
2018-01-18 15:34 +08:00: cp: option not recognized:  
2018-01-18 15:34 +08:00: cp: option not recognized:  
2018-01-18 15:34 +08:00: cp: option not recognized:  
2018-01-18 15:35 +08:00: cp: option not recognized:  
2018-01-18 15:35 +08:00: cp: option not recognized:  
2018-01-18 15:35 +08:00: cp: option not recognized:  
2018-01-18 15:35 +08:00: cp: option not recognized:  
2018-01-18 15:35 +08:00: cp: option not recognized:  
2018-01-18 15:35 +08:00: cp: option not recognized:  
2018-01-18 15:35 +08:00: cp: option not recognized:  
2018-01-18 15:35 +08:00: cp: option not recognized:  
2018-01-18 15:35 +08:00: cp: option not recognized:  
2018-01-18 15:35 +08:00: cp: option not recognized:  
2018-01-18 15:35 +08:00: cp: option not recognized:  
2018-01-18 15:35 +08:00: cp: option not recognized:  
2018-01-18 15:35 +08:00: cp: option not recognized:  
2018-01-18 15:35 +08:00: cp: option not recognized: l
2018-01-18 15:35 +08:00: cp: option not recognized: l
2018-01-18 15:35 +08:00: cp: option not recognized: l
2018-01-18 15:35 +08:00: cp: option not recognized: l
2018-01-18 15:35 +08:00: cp: option not recognized: l
2018-01-18 15:35 +08:00: cp: option not recognized: l
2018-01-18 15:35 +08:00: cp: option not recognized: l
2018-01-18 15:35 +08:00: cp: option not recognized: l
2018-01-18 15:35 +08:00: cp: option not recognized: l
2018-01-18 15:35 +08:00: cp: option not recognized: l
2018-01-18 15:35 +08:00: cp: option not recognized: l
2018-01-18 15:35 +08:00: cp: option not recognized: l
2018-01-18 15:35 +08:00: cp: option not recognized: l
2018-01-18 15:35 +08:00: cp: option not recognized: l
2018-01-18 15:35 +08:00: cp: option not recognized: l
2018-01-18 15:35 +08:00: cp: option not recognized: l
